[2025-08-25 00:01:38] Application window closed.
[2025-08-25 00:01:38] ==================== MacroMouse Session End ====================

[2025-08-25 00:02:05] ==================== MacroMouse Session Start ====================
[2025-08-25 00:02:05] App data directory: C:\Users\chris\OneDrive\Desktop\scripts\MacroMouse\MacroMouse_Data
[2025-08-25 00:02:05] Macro data file: C:\Users\chris\OneDrive\Desktop\scripts\MacroMouse\MacroMouse_Data\macros.xml
[2025-08-25 00:02:05] Log file: C:\Users\chris\OneDrive\Desktop\scripts\MacroMouse\MacroMouse_Data\MacroMouse.log
[2025-08-25 00:02:05] Config file: C:\Users\chris\OneDrive\Desktop\scripts\MacroMouse\MacroMouse_Data\config.json
[2025-08-25 00:02:05] Attempting to load macro data from: C:\Users\chris\OneDrive\Desktop\scripts\MacroMouse\MacroMouse_Data\macros.xml
[2025-08-25 00:02:05] Successfully loaded macro data with 6 categories and 45 macros
[2025-08-25 00:02:05] Reference file: C:\Users\chris\OneDrive\Desktop\##scripts\MacroMouse\MacroMouse_Data\placeholder_reference.txt
[2025-08-25 00:02:05] Attempting to load macro data from: C:\Users\chris\OneDrive\Desktop\scripts\MacroMouse\MacroMouse_Data\macros.xml
[2025-08-25 00:02:05] Successfully loaded macro data with 6 categories and 45 macros
[2025-08-25 00:02:05] Attempting to load macro data from: C:\Users\chris\OneDrive\Desktop\scripts\MacroMouse\MacroMouse_Data\macros.xml
[2025-08-25 00:02:05] Successfully loaded macro data with 6 categories and 45 macros
[2025-08-25 00:02:05] Attempting to load macro data from: C:\Users\chris\OneDrive\Desktop\scripts\MacroMouse\MacroMouse_Data\macros.xml
[2025-08-25 00:02:05] Successfully loaded macro data with 6 categories and 45 macros
[2025-08-25 00:02:06] Attempting to load macro data from: C:\Users\chris\OneDrive\Desktop\scripts\MacroMouse\MacroMouse_Data\macros.xml
[2025-08-25 00:02:06] Successfully loaded macro data with 6 categories and 45 macros
[2025-08-25 00:02:06] Attempting to load macro data from: C:\Users\chris\OneDrive\Desktop\scripts\MacroMouse\MacroMouse_Data\macros.xml
[2025-08-25 00:02:06] Successfully loaded macro data with 6 categories and 45 macros
[2025-08-25 00:02:06] Attempting to load macro data from: C:\Users\chris\OneDrive\Desktop\scripts\MacroMouse\MacroMouse_Data\macros.xml
[2025-08-25 00:02:06] Successfully loaded macro data with 6 categories and 45 macros
[2025-08-25 00:02:06] Attempting to load macro data from: C:\Users\chris\OneDrive\Desktop\scripts\MacroMouse\MacroMouse_Data\macros.xml
[2025-08-25 00:02:06] Successfully loaded macro data with 6 categories and 45 macros
[2025-08-25 00:02:06] Attempting to load macro data from: C:\Users\chris\OneDrive\Desktop\scripts\MacroMouse\MacroMouse_Data\macros.xml
[2025-08-25 00:02:06] Successfully loaded macro data with 6 categories and 45 macros
[2025-08-25 00:02:06] Attempting to load macro data from: C:\Users\chris\OneDrive\Desktop\scripts\MacroMouse\MacroMouse_Data\macros.xml
[2025-08-25 00:02:06] Successfully loaded macro data with 6 categories and 45 macros
[2025-08-25 00:02:06] Attempting to load macro data from: C:\Users\chris\OneDrive\Desktop\scripts\MacroMouse\MacroMouse_Data\macros.xml
[2025-08-25 00:02:06] Successfully loaded macro data with 6 categories and 45 macros
[2025-08-25 00:02:06] Attempting to load macro data from: C:\Users\chris\OneDrive\Desktop\scripts\MacroMouse\MacroMouse_Data\macros.xml
[2025-08-25 00:02:06] Successfully loaded macro data with 6 categories and 45 macros
[2025-08-25 00:02:06] Attempting to load macro data from: C:\Users\chris\OneDrive\Desktop\scripts\MacroMouse\MacroMouse_Data\macros.xml
[2025-08-25 00:02:06] Successfully loaded macro data with 6 categories and 45 macros
[2025-08-25 00:02:06] Attempting to load macro data from: C:\Users\chris\OneDrive\Desktop\scripts\MacroMouse\MacroMouse_Data\macros.xml
[2025-08-25 00:02:06] Successfully loaded macro data with 6 categories and 45 macros
[2025-08-25 00:02:06] Attempting to load macro data from: C:\Users\chris\OneDrive\Desktop\scripts\MacroMouse\MacroMouse_Data\macros.xml
[2025-08-25 00:02:06] Successfully loaded macro data with 6 categories and 45 macros
[2025-08-25 00:02:06] Attempting to load macro data from: C:\Users\chris\OneDrive\Desktop\scripts\MacroMouse\MacroMouse_Data\macros.xml
[2025-08-25 00:02:06] Successfully loaded macro data with 6 categories and 45 macros
[2025-08-25 00:02:06] Attempting to load macro data from: C:\Users\chris\OneDrive\Desktop\scripts\MacroMouse\MacroMouse_Data\macros.xml
[2025-08-25 00:02:06] Successfully loaded macro data with 6 categories and 45 macros
[2025-08-25 00:02:06] Attempting to load macro data from: C:\Users\chris\OneDrive\Desktop\scripts\MacroMouse\MacroMouse_Data\macros.xml
[2025-08-25 00:02:06] Successfully loaded macro data with 6 categories and 45 macros
[2025-08-25 00:02:06] Attempting to load macro data from: C:\Users\chris\OneDrive\Desktop\scripts\MacroMouse\MacroMouse_Data\macros.xml
[2025-08-25 00:02:06] Successfully loaded macro data with 6 categories and 45 macros
[2025-08-25 00:02:06] Attempting to load macro data from: C:\Users\chris\OneDrive\Desktop\scripts\MacroMouse\MacroMouse_Data\macros.xml
[2025-08-25 00:02:06] Successfully loaded macro data with 6 categories and 45 macros
[2025-08-25 00:02:06] Attempting to load macro data from: C:\Users\chris\OneDrive\Desktop\scripts\MacroMouse\MacroMouse_Data\macros.xml
[2025-08-25 00:02:06] Successfully loaded macro data with 6 categories and 45 macros
[2025-08-25 00:02:06] Attempting to load macro data from: C:\Users\chris\OneDrive\Desktop\scripts\MacroMouse\MacroMouse_Data\macros.xml
[2025-08-25 00:02:06] Successfully loaded macro data with 6 categories and 45 macros
[2025-08-25 00:02:06] Attempting to load macro data from: C:\Users\chris\OneDrive\Desktop\scripts\MacroMouse\MacroMouse_Data\macros.xml
[2025-08-25 00:02:06] Successfully loaded macro data with 6 categories and 45 macros
[2025-08-25 00:02:06] Attempting to load macro data from: C:\Users\chris\OneDrive\Desktop\scripts\MacroMouse\MacroMouse_Data\macros.xml
[2025-08-25 00:02:06] Successfully loaded macro data with 6 categories and 45 macros
[2025-08-25 00:02:06] Attempting to load macro data from: C:\Users\chris\OneDrive\Desktop\scripts\MacroMouse\MacroMouse_Data\macros.xml
[2025-08-25 00:02:06] Successfully loaded macro data with 6 categories and 45 macros
[2025-08-25 00:02:06] Attempting to load macro data from: C:\Users\chris\OneDrive\Desktop\scripts\MacroMouse\MacroMouse_Data\macros.xml
[2025-08-25 00:02:06] Successfully loaded macro data with 6 categories and 45 macros
[2025-08-25 00:02:06] Attempting to load macro data from: C:\Users\chris\OneDrive\Desktop\scripts\MacroMouse\MacroMouse_Data\macros.xml
[2025-08-25 00:02:06] Successfully loaded macro data with 6 categories and 45 macros
[2025-08-25 00:02:06] Attempting to load macro data from: C:\Users\chris\OneDrive\Desktop\scripts\MacroMouse\MacroMouse_Data\macros.xml
[2025-08-25 00:02:06] Successfully loaded macro data with 6 categories and 45 macros
[2025-08-25 00:02:06] Attempting to load macro data from: C:\Users\chris\OneDrive\Desktop\scripts\MacroMouse\MacroMouse_Data\macros.xml
[2025-08-25 00:02:06] Successfully loaded macro data with 6 categories and 45 macros
[2025-08-25 00:02:06] Attempting to load macro data from: C:\Users\chris\OneDrive\Desktop\scripts\MacroMouse\MacroMouse_Data\macros.xml
[2025-08-25 00:02:06] Successfully loaded macro data with 6 categories and 45 macros
[2025-08-25 00:02:06] Attempting to load macro data from: C:\Users\chris\OneDrive\Desktop\scripts\MacroMouse\MacroMouse_Data\macros.xml
[2025-08-25 00:02:06] Successfully loaded macro data with 6 categories and 45 macros
[2025-08-25 00:02:06] Attempting to load macro data from: C:\Users\chris\OneDrive\Desktop\scripts\MacroMouse\MacroMouse_Data\macros.xml
[2025-08-25 00:02:06] Successfully loaded macro data with 6 categories and 45 macros
[2025-08-25 00:02:06] Attempting to load macro data from: C:\Users\chris\OneDrive\Desktop\scripts\MacroMouse\MacroMouse_Data\macros.xml
[2025-08-25 00:02:06] Successfully loaded macro data with 6 categories and 45 macros
[2025-08-25 00:02:06] Attempting to load macro data from: C:\Users\chris\OneDrive\Desktop\scripts\MacroMouse\MacroMouse_Data\macros.xml
[2025-08-25 00:02:06] Successfully loaded macro data with 6 categories and 45 macros
[2025-08-25 00:02:06] Attempting to load macro data from: C:\Users\chris\OneDrive\Desktop\scripts\MacroMouse\MacroMouse_Data\macros.xml
[2025-08-25 00:02:06] Successfully loaded macro data with 6 categories and 45 macros
[2025-08-25 00:02:06] Attempting to load macro data from: C:\Users\chris\OneDrive\Desktop\scripts\MacroMouse\MacroMouse_Data\macros.xml
[2025-08-25 00:02:06] Successfully loaded macro data with 6 categories and 45 macros
[2025-08-25 00:02:06] Attempting to load macro data from: C:\Users\chris\OneDrive\Desktop\scripts\MacroMouse\MacroMouse_Data\macros.xml
[2025-08-25 00:02:06] Successfully loaded macro data with 6 categories and 45 macros
[2025-08-25 00:02:06] Attempting to load macro data from: C:\Users\chris\OneDrive\Desktop\scripts\MacroMouse\MacroMouse_Data\macros.xml
[2025-08-25 00:02:06] Successfully loaded macro data with 6 categories and 45 macros
[2025-08-25 00:02:06] Attempting to load macro data from: C:\Users\chris\OneDrive\Desktop\scripts\MacroMouse\MacroMouse_Data\macros.xml
[2025-08-25 00:02:06] Successfully loaded macro data with 6 categories and 45 macros
[2025-08-25 00:02:06] Attempting to load macro data from: C:\Users\chris\OneDrive\Desktop\scripts\MacroMouse\MacroMouse_Data\macros.xml
[2025-08-25 00:02:06] Successfully loaded macro data with 6 categories and 45 macros
[2025-08-25 00:02:06] Attempting to load macro data from: C:\Users\chris\OneDrive\Desktop\scripts\MacroMouse\MacroMouse_Data\macros.xml
[2025-08-25 00:02:06] Successfully loaded macro data with 6 categories and 45 macros
[2025-08-25 00:02:06] Attempting to load macro data from: C:\Users\chris\OneDrive\Desktop\scripts\MacroMouse\MacroMouse_Data\macros.xml
[2025-08-25 00:02:06] Successfully loaded macro data with 6 categories and 45 macros
[2025-08-25 00:02:06] Attempting to load macro data from: C:\Users\chris\OneDrive\Desktop\scripts\MacroMouse\MacroMouse_Data\macros.xml
[2025-08-25 00:02:06] Successfully loaded macro data with 6 categories and 45 macros
[2025-08-25 00:02:06] Attempting to load macro data from: C:\Users\chris\OneDrive\Desktop\scripts\MacroMouse\MacroMouse_Data\macros.xml
[2025-08-25 00:02:06] Successfully loaded macro data with 6 categories and 45 macros
[2025-08-25 00:02:06] Attempting to load macro data from: C:\Users\chris\OneDrive\Desktop\scripts\MacroMouse\MacroMouse_Data\macros.xml
[2025-08-25 00:02:06] Successfully loaded macro data with 6 categories and 45 macros
[2025-08-25 00:02:06] Attempting to load macro data from: C:\Users\chris\OneDrive\Desktop\scripts\MacroMouse\MacroMouse_Data\macros.xml
[2025-08-25 00:02:06] Successfully loaded macro data with 6 categories and 45 macros
[2025-08-25 00:02:06] Attempting to load macro data from: C:\Users\chris\OneDrive\Desktop\scripts\MacroMouse\MacroMouse_Data\macros.xml
[2025-08-25 00:02:06] Successfully loaded macro data with 6 categories and 45 macros
[2025-08-25 00:02:06] Attempting to load macro data from: C:\Users\chris\OneDrive\Desktop\scripts\MacroMouse\MacroMouse_Data\macros.xml
[2025-08-25 00:02:06] Successfully loaded macro data with 6 categories and 45 macros
[2025-08-25 00:02:06] Attempting to load macro data from: C:\Users\chris\OneDrive\Desktop\scripts\MacroMouse\MacroMouse_Data\macros.xml
[2025-08-25 00:02:06] Successfully loaded macro data with 6 categories and 45 macros
[2025-08-25 00:02:06] Attempting to load macro data from: C:\Users\chris\OneDrive\Desktop\scripts\MacroMouse\MacroMouse_Data\macros.xml
[2025-08-25 00:02:06] Successfully loaded macro data with 6 categories and 45 macros
[2025-08-25 00:02:06] Attempting to load macro data from: C:\Users\chris\OneDrive\Desktop\scripts\MacroMouse\MacroMouse_Data\macros.xml
[2025-08-25 00:02:06] Successfully loaded macro data with 6 categories and 45 macros
[2025-08-25 00:02:06] Attempting to load macro data from: C:\Users\chris\OneDrive\Desktop\scripts\MacroMouse\MacroMouse_Data\macros.xml
[2025-08-25 00:02:06] Successfully loaded macro data with 6 categories and 45 macros
[2025-08-25 00:02:06] Attempting to load macro data from: C:\Users\chris\OneDrive\Desktop\scripts\MacroMouse\MacroMouse_Data\macros.xml
[2025-08-25 00:02:06] Successfully loaded macro data with 6 categories and 45 macros
[2025-08-25 00:02:06] Attempting to load macro data from: C:\Users\chris\OneDrive\Desktop\scripts\MacroMouse\MacroMouse_Data\macros.xml
[2025-08-25 00:02:06] Successfully loaded macro data with 6 categories and 45 macros
[2025-08-25 00:02:06] Attempting to load macro data from: C:\Users\chris\OneDrive\Desktop\scripts\MacroMouse\MacroMouse_Data\macros.xml
[2025-08-25 00:02:06] Successfully loaded macro data with 6 categories and 45 macros
[2025-08-25 00:02:06] Attempting to load macro data from: C:\Users\chris\OneDrive\Desktop\scripts\MacroMouse\MacroMouse_Data\macros.xml
[2025-08-25 00:02:06] Successfully loaded macro data with 6 categories and 45 macros
[2025-08-25 00:02:06] Attempting to load macro data from: C:\Users\chris\OneDrive\Desktop\scripts\MacroMouse\MacroMouse_Data\macros.xml
[2025-08-25 00:02:06] Successfully loaded macro data with 6 categories and 45 macros
[2025-08-25 00:02:06] Attempting to load macro data from: C:\Users\chris\OneDrive\Desktop\scripts\MacroMouse\MacroMouse_Data\macros.xml
[2025-08-25 00:02:06] Successfully loaded macro data with 6 categories and 45 macros
[2025-08-25 00:02:06] Attempting to load macro data from: C:\Users\chris\OneDrive\Desktop\scripts\MacroMouse\MacroMouse_Data\macros.xml
[2025-08-25 00:02:06] Successfully loaded macro data with 6 categories and 45 macros
[2025-08-25 00:02:06] Attempting to load macro data from: C:\Users\chris\OneDrive\Desktop\scripts\MacroMouse\MacroMouse_Data\macros.xml
[2025-08-25 00:02:06] Successfully loaded macro data with 6 categories and 45 macros
[2025-08-25 00:02:06] Attempting to load macro data from: C:\Users\chris\OneDrive\Desktop\scripts\MacroMouse\MacroMouse_Data\macros.xml
[2025-08-25 00:02:06] Successfully loaded macro data with 6 categories and 45 macros
[2025-08-25 00:02:06] Attempting to load macro data from: C:\Users\chris\OneDrive\Desktop\scripts\MacroMouse\MacroMouse_Data\macros.xml
[2025-08-25 00:02:06] Successfully loaded macro data with 6 categories and 45 macros
[2025-08-25 00:02:06] Attempting to load macro data from: C:\Users\chris\OneDrive\Desktop\scripts\MacroMouse\MacroMouse_Data\macros.xml
[2025-08-25 00:02:06] Successfully loaded macro data with 6 categories and 45 macros
[2025-08-25 00:02:06] Attempting to load macro data from: C:\Users\chris\OneDrive\Desktop\scripts\MacroMouse\MacroMouse_Data\macros.xml
[2025-08-25 00:02:06] Successfully loaded macro data with 6 categories and 45 macros
[2025-08-25 00:02:06] Attempting to load macro data from: C:\Users\chris\OneDrive\Desktop\scripts\MacroMouse\MacroMouse_Data\macros.xml
[2025-08-25 00:02:06] Successfully loaded macro data with 6 categories and 45 macros
[2025-08-25 00:02:06] Attempting to load macro data from: C:\Users\chris\OneDrive\Desktop\scripts\MacroMouse\MacroMouse_Data\macros.xml
[2025-08-25 00:02:06] Successfully loaded macro data with 6 categories and 45 macros
[2025-08-25 00:02:06] Attempting to load macro data from: C:\Users\chris\OneDrive\Desktop\scripts\MacroMouse\MacroMouse_Data\macros.xml
[2025-08-25 00:02:06] Successfully loaded macro data with 6 categories and 45 macros
[2025-08-25 00:02:06] Attempting to load macro data from: C:\Users\chris\OneDrive\Desktop\scripts\MacroMouse\MacroMouse_Data\macros.xml
[2025-08-25 00:02:06] Successfully loaded macro data with 6 categories and 45 macros
[2025-08-25 00:02:06] Attempting to load macro data from: C:\Users\chris\OneDrive\Desktop\scripts\MacroMouse\MacroMouse_Data\macros.xml
[2025-08-25 00:02:06] Successfully loaded macro data with 6 categories and 45 macros
[2025-08-25 00:02:06] Attempting to load macro data from: C:\Users\chris\OneDrive\Desktop\scripts\MacroMouse\MacroMouse_Data\macros.xml
[2025-08-25 00:02:06] Successfully loaded macro data with 6 categories and 45 macros
[2025-08-25 00:02:06] Attempting to load macro data from: C:\Users\chris\OneDrive\Desktop\scripts\MacroMouse\MacroMouse_Data\macros.xml
[2025-08-25 00:02:06] Successfully loaded macro data with 6 categories and 45 macros
[2025-08-25 00:02:06] Attempting to load macro data from: C:\Users\chris\OneDrive\Desktop\scripts\MacroMouse\MacroMouse_Data\macros.xml
[2025-08-25 00:02:06] Successfully loaded macro data with 6 categories and 45 macros
[2025-08-25 00:02:06] Attempting to load macro data from: C:\Users\chris\OneDrive\Desktop\scripts\MacroMouse\MacroMouse_Data\macros.xml
[2025-08-25 00:02:06] Successfully loaded macro data with 6 categories and 45 macros
[2025-08-25 00:02:06] Attempting to load macro data from: C:\Users\chris\OneDrive\Desktop\scripts\MacroMouse\MacroMouse_Data\macros.xml
[2025-08-25 00:02:06] Successfully loaded macro data with 6 categories and 45 macros
[2025-08-25 00:02:06] Attempting to load macro data from: C:\Users\chris\OneDrive\Desktop\scripts\MacroMouse\MacroMouse_Data\macros.xml
[2025-08-25 00:02:06] Successfully loaded macro data with 6 categories and 45 macros
[2025-08-25 00:02:06] Attempting to load macro data from: C:\Users\chris\OneDrive\Desktop\scripts\MacroMouse\MacroMouse_Data\macros.xml
[2025-08-25 00:02:06] Successfully loaded macro data with 6 categories and 45 macros
[2025-08-25 00:02:06] Attempting to load macro data from: C:\Users\chris\OneDrive\Desktop\scripts\MacroMouse\MacroMouse_Data\macros.xml
[2025-08-25 00:02:06] Successfully loaded macro data with 6 categories and 45 macros
[2025-08-25 00:02:06] Attempting to load macro data from: C:\Users\chris\OneDrive\Desktop\scripts\MacroMouse\MacroMouse_Data\macros.xml
[2025-08-25 00:02:06] Successfully loaded macro data with 6 categories and 45 macros
[2025-08-25 00:02:06] Attempting to load macro data from: C:\Users\chris\OneDrive\Desktop\scripts\MacroMouse\MacroMouse_Data\macros.xml
[2025-08-25 00:02:06] Successfully loaded macro data with 6 categories and 45 macros
[2025-08-25 00:02:06] Attempting to load macro data from: C:\Users\chris\OneDrive\Desktop\scripts\MacroMouse\MacroMouse_Data\macros.xml
[2025-08-25 00:02:06] Successfully loaded macro data with 6 categories and 45 macros
[2025-08-25 00:02:06] Attempting to load macro data from: C:\Users\chris\OneDrive\Desktop\scripts\MacroMouse\MacroMouse_Data\macros.xml
[2025-08-25 00:02:06] Successfully loaded macro data with 6 categories and 45 macros
[2025-08-25 00:02:06] Attempting to load macro data from: C:\Users\chris\OneDrive\Desktop\scripts\MacroMouse\MacroMouse_Data\macros.xml
[2025-08-25 00:02:06] Successfully loaded macro data with 6 categories and 45 macros
[2025-08-25 00:02:06] Attempting to load macro data from: C:\Users\chris\OneDrive\Desktop\scripts\MacroMouse\MacroMouse_Data\macros.xml
[2025-08-25 00:02:06] Successfully loaded macro data with 6 categories and 45 macros
[2025-08-25 00:02:06] Attempting to load macro data from: C:\Users\chris\OneDrive\Desktop\scripts\MacroMouse\MacroMouse_Data\macros.xml
[2025-08-25 00:02:06] Successfully loaded macro data with 6 categories and 45 macros
[2025-08-25 00:02:06] Attempting to load macro data from: C:\Users\chris\OneDrive\Desktop\scripts\MacroMouse\MacroMouse_Data\macros.xml
[2025-08-25 00:02:06] Successfully loaded macro data with 6 categories and 45 macros
[2025-08-25 00:02:06] Attempting to load macro data from: C:\Users\chris\OneDrive\Desktop\scripts\MacroMouse\MacroMouse_Data\macros.xml
[2025-08-25 00:02:06] Successfully loaded macro data with 6 categories and 45 macros
[2025-08-25 00:02:06] Attempting to load macro data from: C:\Users\chris\OneDrive\Desktop\scripts\MacroMouse\MacroMouse_Data\macros.xml
[2025-08-25 00:02:06] Successfully loaded macro data with 6 categories and 45 macros
[2025-08-25 00:02:06] Attempting to load macro data from: C:\Users\chris\OneDrive\Desktop\scripts\MacroMouse\MacroMouse_Data\macros.xml
[2025-08-25 00:02:06] Successfully loaded macro data with 6 categories and 45 macros
[2025-08-25 00:02:06] Attempting to load macro data from: C:\Users\chris\OneDrive\Desktop\scripts\MacroMouse\MacroMouse_Data\macros.xml
[2025-08-25 00:02:06] Successfully loaded macro data with 6 categories and 45 macros
[2025-08-25 00:02:06] Attempting to load macro data from: C:\Users\chris\OneDrive\Desktop\scripts\MacroMouse\MacroMouse_Data\macros.xml
[2025-08-25 00:02:06] Successfully loaded macro data with 6 categories and 45 macros
[2025-08-25 00:02:06] Attempting to load macro data from: C:\Users\chris\OneDrive\Desktop\scripts\MacroMouse\MacroMouse_Data\macros.xml
[2025-08-25 00:02:06] Successfully loaded macro data with 6 categories and 45 macros
[2025-08-25 00:02:06] Attempting to load macro data from: C:\Users\chris\OneDrive\Desktop\scripts\MacroMouse\MacroMouse_Data\macros.xml
[2025-08-25 00:02:06] Successfully loaded macro data with 6 categories and 45 macros
[2025-08-25 00:02:06] Attempting to load macro data from: C:\Users\chris\OneDrive\Desktop\scripts\MacroMouse\MacroMouse_Data\macros.xml
[2025-08-25 00:02:06] Successfully loaded macro data with 6 categories and 45 macros
[2025-08-25 00:02:06] Attempting to load macro data from: C:\Users\chris\OneDrive\Desktop\scripts\MacroMouse\MacroMouse_Data\macros.xml
[2025-08-25 00:02:06] Successfully loaded macro data with 6 categories and 45 macros
[2025-08-25 00:02:10] Attempting to load macro data from: C:\Users\chris\OneDrive\Desktop\scripts\MacroMouse\MacroMouse_Data\macros.xml
[2025-08-25 00:02:10] Successfully loaded macro data with 6 categories and 45 macros
[2025-08-25 00:02:10] Attempting to load macro data from: C:\Users\chris\OneDrive\Desktop\scripts\MacroMouse\MacroMouse_Data\macros.xml
[2025-08-25 00:02:10] Successfully loaded macro data with 6 categories and 45 macros
[2025-08-25 00:02:10] Attempting to load macro data from: C:\Users\chris\OneDrive\Desktop\scripts\MacroMouse\MacroMouse_Data\macros.xml
[2025-08-25 00:02:10] Successfully loaded macro data with 6 categories and 45 macros
[2025-08-25 00:02:12] Attempting to load macro data from: C:\Users\chris\OneDrive\Desktop\scripts\MacroMouse\MacroMouse_Data\macros.xml
[2025-08-25 00:02:12] Successfully loaded macro data with 6 categories and 45 macros
[2025-08-25 00:02:12] Attempting to load macro data from: C:\Users\chris\OneDrive\Desktop\scripts\MacroMouse\MacroMouse_Data\macros.xml
[2025-08-25 00:02:12] Successfully loaded macro data with 6 categories and 45 macros
[2025-08-25 00:02:12] Attempting to load macro data from: C:\Users\chris\OneDrive\Desktop\scripts\MacroMouse\MacroMouse_Data\macros.xml
[2025-08-25 00:02:12] Successfully loaded macro data with 6 categories and 45 macros
[2025-08-25 00:02:12] Attempting to load macro data from: C:\Users\chris\OneDrive\Desktop\scripts\MacroMouse\MacroMouse_Data\macros.xml
[2025-08-25 00:02:12] Successfully loaded macro data with 6 categories and 45 macros
[2025-08-25 00:02:12] Attempting to load macro data from: C:\Users\chris\OneDrive\Desktop\scripts\MacroMouse\MacroMouse_Data\macros.xml
[2025-08-25 00:02:12] Successfully loaded macro data with 6 categories and 45 macros
[2025-08-25 00:02:12] Attempting to load macro data from: C:\Users\chris\OneDrive\Desktop\scripts\MacroMouse\MacroMouse_Data\macros.xml
[2025-08-25 00:02:12] Successfully loaded macro data with 6 categories and 45 macros
[2025-08-25 00:02:12] Attempting to load macro data from: C:\Users\chris\OneDrive\Desktop\scripts\MacroMouse\MacroMouse_Data\macros.xml
[2025-08-25 00:02:12] Successfully loaded macro data with 6 categories and 45 macros
[2025-08-25 00:02:12] Attempting to load macro data from: C:\Users\chris\OneDrive\Desktop\scripts\MacroMouse\MacroMouse_Data\macros.xml
[2025-08-25 00:02:12] Successfully loaded macro data with 6 categories and 45 macros
[2025-08-25 00:02:12] Attempting to load macro data from: C:\Users\chris\OneDrive\Desktop\scripts\MacroMouse\MacroMouse_Data\macros.xml
[2025-08-25 00:02:12] Successfully loaded macro data with 6 categories and 45 macros
[2025-08-25 00:02:12] Attempting to load macro data from: C:\Users\chris\OneDrive\Desktop\scripts\MacroMouse\MacroMouse_Data\macros.xml
[2025-08-25 00:02:12] Successfully loaded macro data with 6 categories and 45 macros
[2025-08-25 00:02:12] Attempting to load macro data from: C:\Users\chris\OneDrive\Desktop\scripts\MacroMouse\MacroMouse_Data\macros.xml
[2025-08-25 00:02:12] Successfully loaded macro data with 6 categories and 45 macros
[2025-08-25 00:02:12] Attempting to load macro data from: C:\Users\chris\OneDrive\Desktop\scripts\MacroMouse\MacroMouse_Data\macros.xml
[2025-08-25 00:02:12] Successfully loaded macro data with 6 categories and 45 macros
[2025-08-25 00:02:12] Attempting to load macro data from: C:\Users\chris\OneDrive\Desktop\scripts\MacroMouse\MacroMouse_Data\macros.xml
[2025-08-25 00:02:12] Successfully loaded macro data with 6 categories and 45 macros
[2025-08-25 00:02:12] Attempting to load macro data from: C:\Users\chris\OneDrive\Desktop\scripts\MacroMouse\MacroMouse_Data\macros.xml
[2025-08-25 00:02:12] Successfully loaded macro data with 6 categories and 45 macros
[2025-08-25 00:02:12] Attempting to load macro data from: C:\Users\chris\OneDrive\Desktop\scripts\MacroMouse\MacroMouse_Data\macros.xml
[2025-08-25 00:02:12] Successfully loaded macro data with 6 categories and 45 macros
[2025-08-25 00:02:12] Attempting to load macro data from: C:\Users\chris\OneDrive\Desktop\scripts\MacroMouse\MacroMouse_Data\macros.xml
[2025-08-25 00:02:12] Successfully loaded macro data with 6 categories and 45 macros
[2025-08-25 00:02:12] Attempting to load macro data from: C:\Users\chris\OneDrive\Desktop\scripts\MacroMouse\MacroMouse_Data\macros.xml
[2025-08-25 00:02:12] Successfully loaded macro data with 6 categories and 45 macros
[2025-08-25 00:02:12] Attempting to load macro data from: C:\Users\chris\OneDrive\Desktop\scripts\MacroMouse\MacroMouse_Data\macros.xml
[2025-08-25 00:02:12] Successfully loaded macro data with 6 categories and 45 macros
[2025-08-25 00:02:12] Attempting to load macro data from: C:\Users\chris\OneDrive\Desktop\scripts\MacroMouse\MacroMouse_Data\macros.xml
[2025-08-25 00:02:12] Successfully loaded macro data with 6 categories and 45 macros
[2025-08-25 00:02:12] Attempting to load macro data from: C:\Users\chris\OneDrive\Desktop\scripts\MacroMouse\MacroMouse_Data\macros.xml
[2025-08-25 00:02:12] Successfully loaded macro data with 6 categories and 45 macros
[2025-08-25 00:02:12] Attempting to load macro data from: C:\Users\chris\OneDrive\Desktop\scripts\MacroMouse\MacroMouse_Data\macros.xml
[2025-08-25 00:02:12] Successfully loaded macro data with 6 categories and 45 macros
[2025-08-25 00:02:12] Attempting to load macro data from: C:\Users\chris\OneDrive\Desktop\scripts\MacroMouse\MacroMouse_Data\macros.xml
[2025-08-25 00:02:12] Successfully loaded macro data with 6 categories and 45 macros
[2025-08-25 00:02:12] Attempting to load macro data from: C:\Users\chris\OneDrive\Desktop\scripts\MacroMouse\MacroMouse_Data\macros.xml
[2025-08-25 00:02:12] Successfully loaded macro data with 6 categories and 45 macros
[2025-08-25 00:02:12] Attempting to load macro data from: C:\Users\chris\OneDrive\Desktop\scripts\MacroMouse\MacroMouse_Data\macros.xml
[2025-08-25 00:02:12] Successfully loaded macro data with 6 categories and 45 macros
[2025-08-25 00:02:12] Attempting to load macro data from: C:\Users\chris\OneDrive\Desktop\scripts\MacroMouse\MacroMouse_Data\macros.xml
[2025-08-25 00:02:12] Successfully loaded macro data with 6 categories and 45 macros
[2025-08-25 00:02:12] Attempting to load macro data from: C:\Users\chris\OneDrive\Desktop\scripts\MacroMouse\MacroMouse_Data\macros.xml
[2025-08-25 00:02:12] Successfully loaded macro data with 6 categories and 45 macros
[2025-08-25 00:02:12] Attempting to load macro data from: C:\Users\chris\OneDrive\Desktop\scripts\MacroMouse\MacroMouse_Data\macros.xml
[2025-08-25 00:02:12] Successfully loaded macro data with 6 categories and 45 macros
[2025-08-25 00:02:12] Attempting to load macro data from: C:\Users\chris\OneDrive\Desktop\scripts\MacroMouse\MacroMouse_Data\macros.xml
[2025-08-25 00:02:12] Successfully loaded macro data with 6 categories and 45 macros
[2025-08-25 00:02:12] Attempting to load macro data from: C:\Users\chris\OneDrive\Desktop\scripts\MacroMouse\MacroMouse_Data\macros.xml
[2025-08-25 00:02:12] Successfully loaded macro data with 6 categories and 45 macros
[2025-08-25 00:02:12] Attempting to load macro data from: C:\Users\chris\OneDrive\Desktop\scripts\MacroMouse\MacroMouse_Data\macros.xml
[2025-08-25 00:02:12] Successfully loaded macro data with 6 categories and 45 macros
[2025-08-25 00:02:12] Attempting to load macro data from: C:\Users\chris\OneDrive\Desktop\scripts\MacroMouse\MacroMouse_Data\macros.xml
[2025-08-25 00:02:12] Successfully loaded macro data with 6 categories and 45 macros
[2025-08-25 00:02:19] Attempting to load macro data from: C:\Users\chris\OneDrive\Desktop\scripts\MacroMouse\MacroMouse_Data\macros.xml
[2025-08-25 00:02:19] Successfully loaded macro data with 6 categories and 45 macros
[2025-08-25 00:02:19] Attempting to load macro data from: C:\Users\chris\OneDrive\Desktop\scripts\MacroMouse\MacroMouse_Data\macros.xml
[2025-08-25 00:02:19] Successfully loaded macro data with 6 categories and 45 macros
[2025-08-25 00:02:19] Attempting to load macro data from: C:\Users\chris\OneDrive\Desktop\scripts\MacroMouse\MacroMouse_Data\macros.xml
[2025-08-25 00:02:19] Successfully loaded macro data with 6 categories and 45 macros
[2025-08-25 00:02:19] Attempting to load macro data from: C:\Users\chris\OneDrive\Desktop\scripts\MacroMouse\MacroMouse_Data\macros.xml
[2025-08-25 00:02:19] Successfully loaded macro data with 6 categories and 45 macros
[2025-08-25 00:02:19] Attempting to load macro data from: C:\Users\chris\OneDrive\Desktop\scripts\MacroMouse\MacroMouse_Data\macros.xml
[2025-08-25 00:02:19] Successfully loaded macro data with 6 categories and 45 macros
[2025-08-25 00:02:19] Attempting to load macro data from: C:\Users\chris\OneDrive\Desktop\scripts\MacroMouse\MacroMouse_Data\macros.xml
[2025-08-25 00:02:19] Successfully loaded macro data with 6 categories and 45 macros
[2025-08-25 00:02:19] Attempting to load macro data from: C:\Users\chris\OneDrive\Desktop\scripts\MacroMouse\MacroMouse_Data\macros.xml
[2025-08-25 00:02:19] Successfully loaded macro data with 6 categories and 45 macros
[2025-08-25 00:02:19] Attempting to load macro data from: C:\Users\chris\OneDrive\Desktop\scripts\MacroMouse\MacroMouse_Data\macros.xml
[2025-08-25 00:02:19] Successfully loaded macro data with 6 categories and 45 macros
[2025-08-25 00:02:19] Attempting to load macro data from: C:\Users\chris\OneDrive\Desktop\scripts\MacroMouse\MacroMouse_Data\macros.xml
[2025-08-25 00:02:19] Successfully loaded macro data with 6 categories and 45 macros
[2025-08-25 00:02:19] Attempting to load macro data from: C:\Users\chris\OneDrive\Desktop\scripts\MacroMouse\MacroMouse_Data\macros.xml
[2025-08-25 00:02:19] Successfully loaded macro data with 6 categories and 45 macros
[2025-08-25 00:02:19] Attempting to load macro data from: C:\Users\chris\OneDrive\Desktop\scripts\MacroMouse\MacroMouse_Data\macros.xml
[2025-08-25 00:02:19] Successfully loaded macro data with 6 categories and 45 macros
[2025-08-25 00:02:19] Attempting to load macro data from: C:\Users\chris\OneDrive\Desktop\scripts\MacroMouse\MacroMouse_Data\macros.xml
[2025-08-25 00:02:19] Successfully loaded macro data with 6 categories and 45 macros
[2025-08-25 00:02:19] Attempting to load macro data from: C:\Users\chris\OneDrive\Desktop\scripts\MacroMouse\MacroMouse_Data\macros.xml
[2025-08-25 00:02:19] Successfully loaded macro data with 6 categories and 45 macros
[2025-08-25 00:02:19] Attempting to load macro data from: C:\Users\chris\OneDrive\Desktop\scripts\MacroMouse\MacroMouse_Data\macros.xml
[2025-08-25 00:02:19] Successfully loaded macro data with 6 categories and 45 macros
[2025-08-25 00:02:19] Attempting to load macro data from: C:\Users\chris\OneDrive\Desktop\scripts\MacroMouse\MacroMouse_Data\macros.xml
[2025-08-25 00:02:19] Successfully loaded macro data with 6 categories and 45 macros
[2025-08-25 00:02:19] Attempting to load macro data from: C:\Users\chris\OneDrive\Desktop\scripts\MacroMouse\MacroMouse_Data\macros.xml
[2025-08-25 00:02:19] Successfully loaded macro data with 6 categories and 45 macros
[2025-08-25 00:02:19] Attempting to load macro data from: C:\Users\chris\OneDrive\Desktop\scripts\MacroMouse\MacroMouse_Data\macros.xml
[2025-08-25 00:02:19] Successfully loaded macro data with 6 categories and 45 macros
[2025-08-25 00:02:19] Attempting to load macro data from: C:\Users\chris\OneDrive\Desktop\scripts\MacroMouse\MacroMouse_Data\macros.xml
[2025-08-25 00:02:19] Successfully loaded macro data with 6 categories and 45 macros
[2025-08-25 00:02:19] Attempting to load macro data from: C:\Users\chris\OneDrive\Desktop\scripts\MacroMouse\MacroMouse_Data\macros.xml
[2025-08-25 00:02:19] Successfully loaded macro data with 6 categories and 45 macros
[2025-08-25 00:02:19] Attempting to load macro data from: C:\Users\chris\OneDrive\Desktop\scripts\MacroMouse\MacroMouse_Data\macros.xml
[2025-08-25 00:02:19] Successfully loaded macro data with 6 categories and 45 macros
[2025-08-25 00:02:19] Attempting to load macro data from: C:\Users\chris\OneDrive\Desktop\scripts\MacroMouse\MacroMouse_Data\macros.xml
[2025-08-25 00:02:19] Successfully loaded macro data with 6 categories and 45 macros
[2025-08-25 00:02:19] Attempting to load macro data from: C:\Users\chris\OneDrive\Desktop\scripts\MacroMouse\MacroMouse_Data\macros.xml
[2025-08-25 00:02:19] Successfully loaded macro data with 6 categories and 45 macros
[2025-08-25 00:02:19] Attempting to load macro data from: C:\Users\chris\OneDrive\Desktop\scripts\MacroMouse\MacroMouse_Data\macros.xml
[2025-08-25 00:02:19] Successfully loaded macro data with 6 categories and 45 macros
[2025-08-25 00:02:19] Attempting to load macro data from: C:\Users\chris\OneDrive\Desktop\scripts\MacroMouse\MacroMouse_Data\macros.xml
[2025-08-25 00:02:19] Successfully loaded macro data with 6 categories and 45 macros
[2025-08-25 00:02:19] Attempting to load macro data from: C:\Users\chris\OneDrive\Desktop\scripts\MacroMouse\MacroMouse_Data\macros.xml
[2025-08-25 00:02:19] Successfully loaded macro data with 6 categories and 45 macros
[2025-08-25 00:02:19] Attempting to load macro data from: C:\Users\chris\OneDrive\Desktop\scripts\MacroMouse\MacroMouse_Data\macros.xml
[2025-08-25 00:02:19] Successfully loaded macro data with 6 categories and 45 macros
[2025-08-25 00:02:19] Attempting to load macro data from: C:\Users\chris\OneDrive\Desktop\scripts\MacroMouse\MacroMouse_Data\macros.xml
[2025-08-25 00:02:19] Successfully loaded macro data with 6 categories and 45 macros
[2025-08-25 00:02:19] Attempting to load macro data from: C:\Users\chris\OneDrive\Desktop\scripts\MacroMouse\MacroMouse_Data\macros.xml
[2025-08-25 00:02:19] Successfully loaded macro data with 6 categories and 45 macros
[2025-08-25 00:02:19] Attempting to load macro data from: C:\Users\chris\OneDrive\Desktop\scripts\MacroMouse\MacroMouse_Data\macros.xml
[2025-08-25 00:02:19] Successfully loaded macro data with 6 categories and 45 macros
[2025-08-25 00:02:19] Attempting to load macro data from: C:\Users\chris\OneDrive\Desktop\scripts\MacroMouse\MacroMouse_Data\macros.xml
[2025-08-25 00:02:19] Successfully loaded macro data with 6 categories and 45 macros
[2025-08-25 00:02:19] Attempting to load macro data from: C:\Users\chris\OneDrive\Desktop\scripts\MacroMouse\MacroMouse_Data\macros.xml
[2025-08-25 00:02:19] Successfully loaded macro data with 6 categories and 45 macros
[2025-08-25 00:02:19] Attempting to load macro data from: C:\Users\chris\OneDrive\Desktop\scripts\MacroMouse\MacroMouse_Data\macros.xml
[2025-08-25 00:02:19] Successfully loaded macro data with 6 categories and 45 macros
[2025-08-25 00:02:19] Attempting to load macro data from: C:\Users\chris\OneDrive\Desktop\scripts\MacroMouse\MacroMouse_Data\macros.xml
[2025-08-25 00:02:19] Successfully loaded macro data with 6 categories and 45 macros
[2025-08-25 00:02:19] Attempting to load macro data from: C:\Users\chris\OneDrive\Desktop\scripts\MacroMouse\MacroMouse_Data\macros.xml
[2025-08-25 00:02:19] Successfully loaded macro data with 6 categories and 45 macros
[2025-08-25 00:02:19] Attempting to load macro data from: C:\Users\chris\OneDrive\Desktop\scripts\MacroMouse\MacroMouse_Data\macros.xml
[2025-08-25 00:02:19] Successfully loaded macro data with 6 categories and 45 macros
[2025-08-25 00:02:20] Attempting to load macro data from: C:\Users\chris\OneDrive\Desktop\scripts\MacroMouse\MacroMouse_Data\macros.xml
[2025-08-25 00:02:20] Successfully loaded macro data with 6 categories and 45 macros
[2025-08-25 00:02:20] Attempting to load macro data from: C:\Users\chris\OneDrive\Desktop\scripts\MacroMouse\MacroMouse_Data\macros.xml
[2025-08-25 00:02:20] Successfully loaded macro data with 6 categories and 45 macros
[2025-08-25 00:02:20] Attempting to load macro data from: C:\Users\chris\OneDrive\Desktop\scripts\MacroMouse\MacroMouse_Data\macros.xml
[2025-08-25 00:02:20] Successfully loaded macro data with 6 categories and 45 macros
[2025-08-25 00:02:20] Attempting to load macro data from: C:\Users\chris\OneDrive\Desktop\scripts\MacroMouse\MacroMouse_Data\macros.xml
[2025-08-25 00:02:20] Successfully loaded macro data with 6 categories and 45 macros
[2025-08-25 00:02:20] Attempting to load macro data from: C:\Users\chris\OneDrive\Desktop\scripts\MacroMouse\MacroMouse_Data\macros.xml
[2025-08-25 00:02:20] Successfully loaded macro data with 6 categories and 45 macros
[2025-08-25 00:02:20] Attempting to load macro data from: C:\Users\chris\OneDrive\Desktop\scripts\MacroMouse\MacroMouse_Data\macros.xml
[2025-08-25 00:02:20] Successfully loaded macro data with 6 categories and 45 macros
[2025-08-25 00:02:20] Attempting to load macro data from: C:\Users\chris\OneDrive\Desktop\scripts\MacroMouse\MacroMouse_Data\macros.xml
[2025-08-25 00:02:20] Successfully loaded macro data with 6 categories and 45 macros
[2025-08-25 00:02:20] Attempting to load macro data from: C:\Users\chris\OneDrive\Desktop\scripts\MacroMouse\MacroMouse_Data\macros.xml
[2025-08-25 00:02:20] Successfully loaded macro data with 6 categories and 45 macros
[2025-08-25 00:02:20] Attempting to load macro data from: C:\Users\chris\OneDrive\Desktop\scripts\MacroMouse\MacroMouse_Data\macros.xml
[2025-08-25 00:02:20] Successfully loaded macro data with 6 categories and 45 macros
[2025-08-25 00:02:20] Attempting to load macro data from: C:\Users\chris\OneDrive\Desktop\scripts\MacroMouse\MacroMouse_Data\macros.xml
[2025-08-25 00:02:20] Successfully loaded macro data with 6 categories and 45 macros
[2025-08-25 00:02:20] Attempting to load macro data from: C:\Users\chris\OneDrive\Desktop\scripts\MacroMouse\MacroMouse_Data\macros.xml
[2025-08-25 00:02:20] Successfully loaded macro data with 6 categories and 45 macros
[2025-08-25 00:02:20] Attempting to load macro data from: C:\Users\chris\OneDrive\Desktop\scripts\MacroMouse\MacroMouse_Data\macros.xml
[2025-08-25 00:02:20] Successfully loaded macro data with 6 categories and 45 macros
[2025-08-25 00:02:20] Attempting to load macro data from: C:\Users\chris\OneDrive\Desktop\scripts\MacroMouse\MacroMouse_Data\macros.xml
[2025-08-25 00:02:20] Successfully loaded macro data with 6 categories and 45 macros
[2025-08-25 00:02:20] Attempting to load macro data from: C:\Users\chris\OneDrive\Desktop\scripts\MacroMouse\MacroMouse_Data\macros.xml
[2025-08-25 00:02:20] Successfully loaded macro data with 6 categories and 45 macros
[2025-08-25 00:02:20] Attempting to load macro data from: C:\Users\chris\OneDrive\Desktop\scripts\MacroMouse\MacroMouse_Data\macros.xml
[2025-08-25 00:02:20] Successfully loaded macro data with 6 categories and 45 macros
[2025-08-25 00:02:20] Attempting to load macro data from: C:\Users\chris\OneDrive\Desktop\scripts\MacroMouse\MacroMouse_Data\macros.xml
[2025-08-25 00:02:20] Successfully loaded macro data with 6 categories and 45 macros
[2025-08-25 01:06:28] Attempting to load macro data from: C:\Users\chris\OneDrive\Desktop\scripts\MacroMouse\MacroMouse_Data\macros.xml
[2025-08-25 01:06:28] Successfully loaded macro data with 6 categories and 45 macros
[2025-08-25 01:06:28] Attempting to load macro data from: C:\Users\chris\OneDrive\Desktop\scripts\MacroMouse\MacroMouse_Data\macros.xml
[2025-08-25 01:06:28] Successfully loaded macro data with 6 categories and 45 macros
[2025-08-25 01:06:28] Attempting to load macro data from: C:\Users\chris\OneDrive\Desktop\scripts\MacroMouse\MacroMouse_Data\macros.xml
[2025-08-25 01:06:28] Successfully loaded macro data with 6 categories and 45 macros
[2025-08-25 01:06:28] Attempting to load macro data from: C:\Users\chris\OneDrive\Desktop\scripts\MacroMouse\MacroMouse_Data\macros.xml
[2025-08-25 01:06:28] Successfully loaded macro data with 6 categories and 45 macros
[2025-08-25 01:06:28] Attempting to load macro data from: C:\Users\chris\OneDrive\Desktop\scripts\MacroMouse\MacroMouse_Data\macros.xml
[2025-08-25 01:06:28] Successfully loaded macro data with 6 categories and 45 macros
[2025-08-25 01:06:28] Attempting to load macro data from: C:\Users\chris\OneDrive\Desktop\scripts\MacroMouse\MacroMouse_Data\macros.xml
[2025-08-25 01:06:28] Successfully loaded macro data with 6 categories and 45 macros
[2025-08-25 01:06:28] Attempting to load macro data from: C:\Users\chris\OneDrive\Desktop\scripts\MacroMouse\MacroMouse_Data\macros.xml
[2025-08-25 01:06:28] Successfully loaded macro data with 6 categories and 45 macros
[2025-08-25 01:06:28] Attempting to load macro data from: C:\Users\chris\OneDrive\Desktop\scripts\MacroMouse\MacroMouse_Data\macros.xml
[2025-08-25 01:06:28] Successfully loaded macro data with 6 categories and 45 macros
[2025-08-25 01:06:28] Attempting to load macro data from: C:\Users\chris\OneDrive\Desktop\scripts\MacroMouse\MacroMouse_Data\macros.xml
[2025-08-25 01:06:28] Successfully loaded macro data with 6 categories and 45 macros
[2025-08-25 01:06:28] Attempting to load macro data from: C:\Users\chris\OneDrive\Desktop\scripts\MacroMouse\MacroMouse_Data\macros.xml
[2025-08-25 01:06:28] Successfully loaded macro data with 6 categories and 45 macros
[2025-08-25 01:06:28] Attempting to load macro data from: C:\Users\chris\OneDrive\Desktop\scripts\MacroMouse\MacroMouse_Data\macros.xml
[2025-08-25 01:06:28] Successfully loaded macro data with 6 categories and 45 macros
[2025-08-25 01:06:28] Attempting to load macro data from: C:\Users\chris\OneDrive\Desktop\scripts\MacroMouse\MacroMouse_Data\macros.xml
[2025-08-25 01:06:28] Successfully loaded macro data with 6 categories and 45 macros
[2025-08-25 01:06:28] Attempting to load macro data from: C:\Users\chris\OneDrive\Desktop\scripts\MacroMouse\MacroMouse_Data\macros.xml
[2025-08-25 01:06:28] Successfully loaded macro data with 6 categories and 45 macros
[2025-08-25 01:06:28] Attempting to load macro data from: C:\Users\chris\OneDrive\Desktop\scripts\MacroMouse\MacroMouse_Data\macros.xml
[2025-08-25 01:06:28] Successfully loaded macro data with 6 categories and 45 macros
[2025-08-25 01:06:28] Attempting to load macro data from: C:\Users\chris\OneDrive\Desktop\scripts\MacroMouse\MacroMouse_Data\macros.xml
[2025-08-25 01:06:28] Successfully loaded macro data with 6 categories and 45 macros
[2025-08-25 01:06:28] Attempting to load macro data from: C:\Users\chris\OneDrive\Desktop\scripts\MacroMouse\MacroMouse_Data\macros.xml
[2025-08-25 01:06:28] Successfully loaded macro data with 6 categories and 45 macros
[2025-08-25 01:06:28] Attempting to load macro data from: C:\Users\chris\OneDrive\Desktop\scripts\MacroMouse\MacroMouse_Data\macros.xml
[2025-08-25 01:06:28] Successfully loaded macro data with 6 categories and 45 macros
[2025-08-25 01:06:28] Attempting to load macro data from: C:\Users\chris\OneDrive\Desktop\scripts\MacroMouse\MacroMouse_Data\macros.xml
[2025-08-25 01:06:28] Successfully loaded macro data with 6 categories and 45 macros
[2025-08-25 01:06:28] Attempting to load macro data from: C:\Users\chris\OneDrive\Desktop\scripts\MacroMouse\MacroMouse_Data\macros.xml
[2025-08-25 01:06:28] Successfully loaded macro data with 6 categories and 45 macros
[2025-08-25 01:06:28] Attempting to load macro data from: C:\Users\chris\OneDrive\Desktop\scripts\MacroMouse\MacroMouse_Data\macros.xml
[2025-08-25 01:06:28] Successfully loaded macro data with 6 categories and 45 macros
[2025-08-25 01:06:28] Attempting to load macro data from: C:\Users\chris\OneDrive\Desktop\scripts\MacroMouse\MacroMouse_Data\macros.xml
[2025-08-25 01:06:28] Successfully loaded macro data with 6 categories and 45 macros
[2025-08-25 01:06:28] Attempting to load macro data from: C:\Users\chris\OneDrive\Desktop\scripts\MacroMouse\MacroMouse_Data\macros.xml
[2025-08-25 01:06:28] Successfully loaded macro data with 6 categories and 45 macros
[2025-08-25 01:06:28] Attempting to load macro data from: C:\Users\chris\OneDrive\Desktop\scripts\MacroMouse\MacroMouse_Data\macros.xml
[2025-08-25 01:06:28] Successfully loaded macro data with 6 categories and 45 macros
[2025-08-25 01:06:28] Attempting to load macro data from: C:\Users\chris\OneDrive\Desktop\scripts\MacroMouse\MacroMouse_Data\macros.xml
[2025-08-25 01:06:28] Successfully loaded macro data with 6 categories and 45 macros
[2025-08-25 01:06:28] Attempting to load macro data from: C:\Users\chris\OneDrive\Desktop\scripts\MacroMouse\MacroMouse_Data\macros.xml
[2025-08-25 01:06:28] Successfully loaded macro data with 6 categories and 45 macros
[2025-08-25 01:06:28] Attempting to load macro data from: C:\Users\chris\OneDrive\Desktop\scripts\MacroMouse\MacroMouse_Data\macros.xml
[2025-08-25 01:06:28] Successfully loaded macro data with 6 categories and 45 macros
[2025-08-25 01:06:28] Attempting to load macro data from: C:\Users\chris\OneDrive\Desktop\scripts\MacroMouse\MacroMouse_Data\macros.xml
[2025-08-25 01:06:28] Successfully loaded macro data with 6 categories and 45 macros
[2025-08-25 01:06:28] Attempting to load macro data from: C:\Users\chris\OneDrive\Desktop\scripts\MacroMouse\MacroMouse_Data\macros.xml
[2025-08-25 01:06:28] Successfully loaded macro data with 6 categories and 45 macros
[2025-08-25 01:06:28] Attempting to load macro data from: C:\Users\chris\OneDrive\Desktop\scripts\MacroMouse\MacroMouse_Data\macros.xml
[2025-08-25 01:06:28] Successfully loaded macro data with 6 categories and 45 macros
[2025-08-25 01:06:28] Attempting to load macro data from: C:\Users\chris\OneDrive\Desktop\scripts\MacroMouse\MacroMouse_Data\macros.xml
[2025-08-25 01:06:28] Successfully loaded macro data with 6 categories and 45 macros
[2025-08-25 01:06:28] Attempting to load macro data from: C:\Users\chris\OneDrive\Desktop\scripts\MacroMouse\MacroMouse_Data\macros.xml
[2025-08-25 01:06:28] Successfully loaded macro data with 6 categories and 45 macros
[2025-08-25 01:06:42] Added undo action: edit_notes
[2025-08-25 01:06:42] Saved usage notes for macro 'Firebase: DEV - Deploy Rules (ONLY)'
[2025-08-25 01:06:42] Attempting to load macro data from: C:\Users\chris\OneDrive\Desktop\scripts\MacroMouse\MacroMouse_Data\macros.xml
[2025-08-25 01:06:42] Successfully loaded macro data with 6 categories and 45 macros
[2025-08-25 01:06:42] Attempting to load macro data from: C:\Users\chris\OneDrive\Desktop\scripts\MacroMouse\MacroMouse_Data\macros.xml
[2025-08-25 01:06:42] Successfully loaded macro data with 6 categories and 45 macros
[2025-08-25 01:06:42] Attempting to load macro data from: C:\Users\chris\OneDrive\Desktop\scripts\MacroMouse\MacroMouse_Data\macros.xml
[2025-08-25 01:06:42] Successfully loaded macro data with 6 categories and 45 macros
[2025-08-25 01:06:42] Attempting to load macro data from: C:\Users\chris\OneDrive\Desktop\scripts\MacroMouse\MacroMouse_Data\macros.xml
[2025-08-25 01:06:42] Successfully loaded macro data with 6 categories and 45 macros
[2025-08-25 01:06:42] Attempting to load macro data from: C:\Users\chris\OneDrive\Desktop\scripts\MacroMouse\MacroMouse_Data\macros.xml
[2025-08-25 01:06:42] Successfully loaded macro data with 6 categories and 45 macros
[2025-08-25 01:06:42] Attempting to load macro data from: C:\Users\chris\OneDrive\Desktop\scripts\MacroMouse\MacroMouse_Data\macros.xml
[2025-08-25 01:06:42] Successfully loaded macro data with 6 categories and 45 macros
[2025-08-25 01:06:42] Attempting to load macro data from: C:\Users\chris\OneDrive\Desktop\scripts\MacroMouse\MacroMouse_Data\macros.xml
[2025-08-25 01:06:42] Successfully loaded macro data with 6 categories and 45 macros
[2025-08-25 01:06:42] Attempting to load macro data from: C:\Users\chris\OneDrive\Desktop\scripts\MacroMouse\MacroMouse_Data\macros.xml
[2025-08-25 01:06:42] Successfully loaded macro data with 6 categories and 45 macros
[2025-08-25 01:06:42] Attempting to load macro data from: C:\Users\chris\OneDrive\Desktop\scripts\MacroMouse\MacroMouse_Data\macros.xml
[2025-08-25 01:06:42] Successfully loaded macro data with 6 categories and 45 macros
[2025-08-25 01:06:42] Attempting to load macro data from: C:\Users\chris\OneDrive\Desktop\scripts\MacroMouse\MacroMouse_Data\macros.xml
[2025-08-25 01:06:42] Successfully loaded macro data with 6 categories and 45 macros
[2025-08-25 01:06:42] Attempting to load macro data from: C:\Users\chris\OneDrive\Desktop\scripts\MacroMouse\MacroMouse_Data\macros.xml
[2025-08-25 01:06:42] Successfully loaded macro data with 6 categories and 45 macros
[2025-08-25 01:06:42] Attempting to load macro data from: C:\Users\chris\OneDrive\Desktop\scripts\MacroMouse\MacroMouse_Data\macros.xml
[2025-08-25 01:06:42] Successfully loaded macro data with 6 categories and 45 macros
[2025-08-25 01:06:42] Attempting to load macro data from: C:\Users\chris\OneDrive\Desktop\scripts\MacroMouse\MacroMouse_Data\macros.xml
[2025-08-25 01:06:42] Successfully loaded macro data with 6 categories and 45 macros
[2025-08-25 01:06:42] Attempting to load macro data from: C:\Users\chris\OneDrive\Desktop\scripts\MacroMouse\MacroMouse_Data\macros.xml
[2025-08-25 01:06:42] Successfully loaded macro data with 6 categories and 45 macros
[2025-08-25 01:06:42] Attempting to load macro data from: C:\Users\chris\OneDrive\Desktop\scripts\MacroMouse\MacroMouse_Data\macros.xml
[2025-08-25 01:06:42] Successfully loaded macro data with 6 categories and 45 macros
[2025-08-25 01:06:42] Attempting to load macro data from: C:\Users\chris\OneDrive\Desktop\scripts\MacroMouse\MacroMouse_Data\macros.xml
[2025-08-25 01:06:42] Successfully loaded macro data with 6 categories and 45 macros
[2025-08-25 01:06:42] Attempting to load macro data from: C:\Users\chris\OneDrive\Desktop\scripts\MacroMouse\MacroMouse_Data\macros.xml
[2025-08-25 01:06:42] Successfully loaded macro data with 6 categories and 45 macros
[2025-08-25 01:06:42] Attempting to load macro data from: C:\Users\chris\OneDrive\Desktop\scripts\MacroMouse\MacroMouse_Data\macros.xml
[2025-08-25 01:06:42] Successfully loaded macro data with 6 categories and 45 macros
[2025-08-25 01:06:42] Attempting to load macro data from: C:\Users\chris\OneDrive\Desktop\scripts\MacroMouse\MacroMouse_Data\macros.xml
[2025-08-25 01:06:42] Successfully loaded macro data with 6 categories and 45 macros
[2025-08-25 01:06:42] Attempting to load macro data from: C:\Users\chris\OneDrive\Desktop\scripts\MacroMouse\MacroMouse_Data\macros.xml
[2025-08-25 01:06:42] Successfully loaded macro data with 6 categories and 45 macros
[2025-08-25 01:06:42] Attempting to load macro data from: C:\Users\chris\OneDrive\Desktop\scripts\MacroMouse\MacroMouse_Data\macros.xml
[2025-08-25 01:06:42] Successfully loaded macro data with 6 categories and 45 macros
[2025-08-25 01:06:42] Attempting to load macro data from: C:\Users\chris\OneDrive\Desktop\scripts\MacroMouse\MacroMouse_Data\macros.xml
[2025-08-25 01:06:42] Successfully loaded macro data with 6 categories and 45 macros
[2025-08-25 01:06:42] Attempting to load macro data from: C:\Users\chris\OneDrive\Desktop\scripts\MacroMouse\MacroMouse_Data\macros.xml
[2025-08-25 01:06:42] Successfully loaded macro data with 6 categories and 45 macros
[2025-08-25 01:06:42] Attempting to load macro data from: C:\Users\chris\OneDrive\Desktop\scripts\MacroMouse\MacroMouse_Data\macros.xml
[2025-08-25 01:06:42] Successfully loaded macro data with 6 categories and 45 macros
[2025-08-25 01:06:42] Attempting to load macro data from: C:\Users\chris\OneDrive\Desktop\scripts\MacroMouse\MacroMouse_Data\macros.xml
[2025-08-25 01:06:42] Successfully loaded macro data with 6 categories and 45 macros
[2025-08-25 01:06:42] Attempting to load macro data from: C:\Users\chris\OneDrive\Desktop\scripts\MacroMouse\MacroMouse_Data\macros.xml
[2025-08-25 01:06:42] Successfully loaded macro data with 6 categories and 45 macros
[2025-08-25 01:06:42] Attempting to load macro data from: C:\Users\chris\OneDrive\Desktop\scripts\MacroMouse\MacroMouse_Data\macros.xml
[2025-08-25 01:06:42] Successfully loaded macro data with 6 categories and 45 macros
[2025-08-25 01:06:42] Attempting to load macro data from: C:\Users\chris\OneDrive\Desktop\scripts\MacroMouse\MacroMouse_Data\macros.xml
[2025-08-25 01:06:42] Successfully loaded macro data with 6 categories and 45 macros
[2025-08-25 01:06:42] Attempting to load macro data from: C:\Users\chris\OneDrive\Desktop\scripts\MacroMouse\MacroMouse_Data\macros.xml
[2025-08-25 01:06:42] Successfully loaded macro data with 6 categories and 45 macros
[2025-08-25 01:06:42] Attempting to load macro data from: C:\Users\chris\OneDrive\Desktop\scripts\MacroMouse\MacroMouse_Data\macros.xml
[2025-08-25 01:06:42] Successfully loaded macro data with 6 categories and 45 macros
[2025-08-25 01:06:42] Attempting to load macro data from: C:\Users\chris\OneDrive\Desktop\scripts\MacroMouse\MacroMouse_Data\macros.xml
[2025-08-25 01:06:42] Successfully loaded macro data with 6 categories and 45 macros
[2025-08-25 14:40:04] Application window closed.
[2025-08-25 14:40:04] ==================== MacroMouse Session End ====================

